0 info it worked if it ends with ok
1 verbose cli [ 'D:\\node\\node.exe',
1 verbose cli   'D:\\node\\node_modules\\npm\\bin\\npm-cli.js',
1 verbose cli   'install',
1 verbose cli   'bootstrap',
1 verbose cli   '--save-dev' ]
2 info using npm@2.15.5
3 info using node@v4.4.5
4 verbose install initial load of D:\node\package.json
5 verbose installManyTop reading scoped package data from D:\node\node_modules\angular\package.json
6 verbose installManyTop reading scoped package data from D:\node\node_modules\angular-ui-router\package.json
7 verbose installManyTop reading scoped package data from D:\node\node_modules\async\package.json
8 verbose installManyTop reading scoped package data from D:\node\node_modules\babel-preset-es2015\package.json
9 verbose installManyTop reading scoped package data from D:\node\node_modules\body-parser\package.json
10 verbose installManyTop reading scoped package data from D:\node\node_modules\browserify\package.json
11 verbose installManyTop reading scoped package data from D:\node\node_modules\cookie-parser\package.json
12 verbose installManyTop reading scoped package data from D:\node\node_modules\ejs\package.json
13 verbose installManyTop reading scoped package data from D:\node\node_modules\express\package.json
14 verbose installManyTop reading scoped package data from D:\node\node_modules\express-session\package.json
15 verbose installManyTop reading scoped package data from D:\node\node_modules\formidable\package.json
16 verbose installManyTop reading scoped package data from D:\node\node_modules\fs\package.json
17 verbose installManyTop reading scoped package data from D:\node\node_modules\gulp\package.json
18 verbose installManyTop reading scoped package data from D:\node\node_modules\gulp-babel\package.json
19 verbose installManyTop reading scoped package data from D:\node\node_modules\gulp-browserify\package.json
20 verbose installManyTop reading scoped package data from D:\node\node_modules\gulp-concat\package.json
21 verbose installManyTop reading scoped package data from D:\node\node_modules\gulp-connect\package.json
22 verbose installManyTop reading scoped package data from D:\node\node_modules\gulp-imagemin\package.json
23 verbose installManyTop reading scoped package data from D:\node\node_modules\gulp-jshint\package.json
24 verbose installManyTop reading scoped package data from D:\node\node_modules\gulp-less\package.json
25 verbose installManyTop reading scoped package data from D:\node\node_modules\gulp-minify-css\package.json
26 verbose installManyTop reading scoped package data from D:\node\node_modules\gulp-plumber\package.json
27 verbose installManyTop reading scoped package data from D:\node\node_modules\gulp-rename\package.json
28 verbose installManyTop reading scoped package data from D:\node\node_modules\gulp-sass\package.json
29 verbose installManyTop reading scoped package data from D:\node\node_modules\gulp-uglify\package.json
30 verbose installManyTop reading scoped package data from D:\node\node_modules\imagemin-pngquant\package.json
31 verbose installManyTop reading scoped package data from D:\node\node_modules\jshint\package.json
32 verbose installManyTop reading scoped package data from D:\node\node_modules\mysql\package.json
33 verbose installManyTop reading scoped package data from D:\node\node_modules\ng-iscroll\package.json
34 verbose installManyTop reading scoped package data from D:\node\node_modules\npm\package.json
35 verbose installManyTop reading scoped package data from D:\node\node_modules\path\package.json
36 verbose installManyTop reading scoped package data from D:\node\node_modules\q\package.json
37 verbose installManyTop reading scoped package data from D:\node\node_modules\react\package.json
38 verbose installManyTop reading scoped package data from D:\node\node_modules\react-dom\package.json
39 verbose installManyTop reading scoped package data from D:\node\node_modules\react-router\package.json
40 verbose installManyTop reading scoped package data from D:\node\node_modules\reactify\package.json
41 verbose installManyTop reading scoped package data from D:\node\node_modules\request\package.json
42 verbose installManyTop reading scoped package data from D:\node\node_modules\socket.io\package.json
43 verbose installManyTop reading scoped package data from D:\node\node_modules\weui\package.json
44 info package.json angular-ui-router@0.2.7 No license field.
45 info package.json fs@0.0.2 fs is also the name of a node core module.
46 info package.json fs@0.0.2 No description
47 info package.json fs@0.0.2 No repository field.
48 info package.json fs@0.0.2 No README data
49 info package.json gulp-rename@1.2.2 No license field.
50 info package.json q@1.4.1 license should be a valid SPDX license expression
51 info package.json formidable@1.0.17 No license field.
52 info package.json gulp-minify-css@1.2.4 No repository field.
53 info package.json npm@2.15.5 Non-dependency in bundleDependencies: ansi-regex
54 info package.json npm@2.15.5 Non-dependency in bundleDependencies: imurmurhash
55 info package.json path@0.12.7 path is also the name of a node core module.
56 verbose readDependencies loading dependencies from D:\node\package.json
57 silly cache add args [ 'bootstrap', null ]
58 verbose cache add spec bootstrap
59 silly cache add parsed spec Result {
59 silly cache add   raw: 'bootstrap',
59 silly cache add   scope: null,
59 silly cache add   name: 'bootstrap',
59 silly cache add   rawSpec: '',
59 silly cache add   spec: 'latest',
59 silly cache add   type: 'tag' }
60 silly addNamed bootstrap@latest
61 verbose addNamed "latest" is being treated as a dist-tag for bootstrap
62 info addNameTag [ 'bootstrap', 'latest' ]
63 silly mapToRegistry name bootstrap
64 silly mapToRegistry using default registry
65 silly mapToRegistry registry https://registry.npmjs.org/
66 silly mapToRegistry data Result {
66 silly mapToRegistry   raw: 'bootstrap',
66 silly mapToRegistry   scope: null,
66 silly mapToRegistry   name: 'bootstrap',
66 silly mapToRegistry   rawSpec: '',
66 silly mapToRegistry   spec: 'latest',
66 silly mapToRegistry   type: 'tag' }
67 silly mapToRegistry uri https://registry.npmjs.org/bootstrap
68 verbose addNameTag registry:https://registry.npmjs.org/bootstrap not in flight; fetching
69 verbose request uri https://registry.npmjs.org/bootstrap
70 verbose request no auth needed
71 info attempt registry request try #1 at 14:16:37
72 verbose request id 9f0bad211c33ac14
73 verbose etag "C6R31JJZZNNVU7EW31E64XEJN"
74 http request GET https://registry.npmjs.org/bootstrap
75 http 304 https://registry.npmjs.org/bootstrap
76 verbose headers { date: 'Tue, 18 Oct 2016 06:16:40 GMT',
76 verbose headers   via: '1.1 varnish',
76 verbose headers   'cache-control': 'max-age=300',
76 verbose headers   etag: '"C6R31JJZZNNVU7EW31E64XEJN"',
76 verbose headers   age: '191',
76 verbose headers   connection: 'keep-alive',
76 verbose headers   'x-served-by': 'cache-lcy1131-LCY',
76 verbose headers   'x-cache': 'HIT',
76 verbose headers   'x-cache-hits': '3',
76 verbose headers   'x-timer': 'S1476771400.016470,VS0,VE0',
76 verbose headers   vary: 'Accept-Encoding' }
77 silly get cb [ 304,
77 silly get   { date: 'Tue, 18 Oct 2016 06:16:40 GMT',
77 silly get     via: '1.1 varnish',
77 silly get     'cache-control': 'max-age=300',
77 silly get     etag: '"C6R31JJZZNNVU7EW31E64XEJN"',
77 silly get     age: '191',
77 silly get     connection: 'keep-alive',
77 silly get     'x-served-by': 'cache-lcy1131-LCY',
77 silly get     'x-cache': 'HIT',
77 silly get     'x-cache-hits': '3',
77 silly get     'x-timer': 'S1476771400.016470,VS0,VE0',
77 silly get     vary: 'Accept-Encoding' } ]
78 verbose etag https://registry.npmjs.org/bootstrap from cache
79 verbose get saving bootstrap to C:\Users\SSYN\AppData\Roaming\npm-cache\registry.npmjs.org\bootstrap\.cache.json
80 verbose correctMkdir C:\Users\SSYN\AppData\Roaming\npm-cache correctMkdir not in flight; initializing
81 silly addNameTag next cb for bootstrap with tag latest
82 silly addNamed bootstrap@3.3.7
83 verbose addNamed "3.3.7" is a plain semver version for bootstrap
84 silly cache afterAdd bootstrap@3.3.7
85 verbose afterAdd C:\Users\SSYN\AppData\Roaming\npm-cache\bootstrap\3.3.7\package\package.json not in flight; writing
86 verbose correctMkdir C:\Users\SSYN\AppData\Roaming\npm-cache correctMkdir not in flight; initializing
87 verbose afterAdd C:\Users\SSYN\AppData\Roaming\npm-cache\bootstrap\3.3.7\package\package.json written
88 silly install resolved [ { name: 'bootstrap',
88 silly install resolved     description: 'The most popular front-end framework for developing responsive, mobile first projects on the web.',
88 silly install resolved     version: '3.3.7',
88 silly install resolved     keywords:
88 silly install resolved      [ 'css',
88 silly install resolved        'less',
88 silly install resolved        'mobile-first',
88 silly install resolved        'responsive',
88 silly install resolved        'front-end',
88 silly install resolved        'framework',
88 silly install resolved        'web' ],
88 silly install resolved     homepage: 'http://getbootstrap.com',
88 silly install resolved     author: { name: 'Twitter, Inc.' },
88 silly install resolved     scripts:
88 silly install resolved      { 'change-version': 'node grunt/change-version.js',
88 silly install resolved        'update-shrinkwrap': 'npm shrinkwrap --dev && shx mv ./npm-shrinkwrap.json ./grunt/npm-shrinkwrap.json',
88 silly install resolved        test: 'grunt test' },
88 silly install resolved     style: 'dist/css/bootstrap.css',
88 silly install resolved     less: 'less/bootstrap.less',
88 silly install resolved     main: './dist/js/npm',
88 silly install resolved     repository:
88 silly install resolved      { type: 'git',
88 silly install resolved        url: 'git+https://github.com/twbs/bootstrap.git' },
88 silly install resolved     bugs: { url: 'https://github.com/twbs/bootstrap/issues' },
88 silly install resolved     license: 'MIT',
88 silly install resolved     devDependencies:
88 silly install resolved      { btoa: '~1.1.2',
88 silly install resolved        glob: '~7.0.3',
88 silly install resolved        grunt: '~1.0.1',
88 silly install resolved        'grunt-autoprefixer': '~3.0.4',
88 silly install resolved        'grunt-contrib-clean': '~1.0.0',
88 silly install resolved        'grunt-contrib-compress': '~1.3.0',
88 silly install resolved        'grunt-contrib-concat': '~1.0.0',
88 silly install resolved        'grunt-contrib-connect': '~1.0.0',
88 silly install resolved        'grunt-contrib-copy': '~1.0.0',
88 silly install resolved        'grunt-contrib-csslint': '~1.0.0',
88 silly install resolved        'grunt-contrib-cssmin': '~1.0.0',
88 silly install resolved        'grunt-contrib-htmlmin': '~1.5.0',
88 silly install resolved        'grunt-contrib-jshint': '~1.0.0',
88 silly install resolved        'grunt-contrib-less': '~1.3.0',
88 silly install resolved        'grunt-contrib-pug': '~1.0.0',
88 silly install resolved        'grunt-contrib-qunit': '~0.7.0',
88 silly install resolved        'grunt-contrib-uglify': '~1.0.0',
88 silly install resolved        'grunt-contrib-watch': '~1.0.0',
88 silly install resolved        'grunt-csscomb': '~3.1.0',
88 silly install resolved        'grunt-exec': '~1.0.0',
88 silly install resolved        'grunt-html': '~8.0.1',
88 silly install resolved        'grunt-jekyll': '~0.4.4',
88 silly install resolved        'grunt-jscs': '~3.0.1',
88 silly install resolved        'grunt-saucelabs': '~9.0.0',
88 silly install resolved        'load-grunt-tasks': '~3.5.0',
88 silly install resolved        'markdown-it': '^7.0.0',
88 silly install resolved        shelljs: '^0.7.0',
88 silly install resolved        shx: '^0.1.2',
88 silly install resolved        'time-grunt': '^1.3.0' },
88 silly install resolved     engines: { node: '>=0.10.1' },
88 silly install resolved     files:
88 silly install resolved      [ 'dist',
88 silly install resolved        'fonts',
88 silly install resolved        'grunt',
88 silly install resolved        'js/*.js',
88 silly install resolved        'less/**/*.less',
88 silly install resolved        'Gruntfile.js',
88 silly install resolved        'LICENSE' ],
88 silly install resolved     jspm: { main: 'js/bootstrap', shim: [Object], files: [Object] },
88 silly install resolved     gitHead: '0b9c4a4007c44201dce9a6cc1a38407005c26c86',
88 silly install resolved     _id: 'bootstrap@3.3.7',
88 silly install resolved     _shasum: '5a389394549f23330875a3b150656574f8a9eb71',
88 silly install resolved     _from: 'bootstrap@latest',
88 silly install resolved     _npmVersion: '2.15.8',
88 silly install resolved     _nodeVersion: '4.4.7',
88 silly install resolved     _npmUser: { name: 'twbs', email: 'getbootstrap@gmail.com' },
88 silly install resolved     dist:
88 silly install resolved      { shasum: '5a389394549f23330875a3b150656574f8a9eb71',
88 silly install resolved        tarball: 'https://registry.npmjs.org/bootstrap/-/bootstrap-3.3.7.tgz' },
88 silly install resolved     maintainers: [ [Object] ],
88 silly install resolved     _npmOperationalInternal:
88 silly install resolved      { host: 'packages-16-east.internal.npmjs.com',
88 silly install resolved        tmp: 'tmp/bootstrap-3.3.7.tgz_1469462979154_0.42421583621762693' },
88 silly install resolved     directories: {},
88 silly install resolved     _resolved: 'https://registry.npmjs.org/bootstrap/-/bootstrap-3.3.7.tgz',
88 silly install resolved     readme: 'ERROR: No README data found!' } ]
89 info install bootstrap@3.3.7 into D:\node
90 info installOne bootstrap@3.3.7
91 verbose installOne of bootstrap to D:\node not in flight; installing
92 verbose correctMkdir C:\Users\SSYN\AppData\Roaming\npm-cache\_locks correctMkdir not in flight; initializing
93 verbose lock using C:\Users\SSYN\AppData\Roaming\npm-cache\_locks\bootstrap-f093888607bfbb57.lock for D:\node\node_modules\bootstrap
94 silly install write writing bootstrap 3.3.7 to D:\node\node_modules\bootstrap
95 verbose unbuild node_modules\bootstrap
96 silly gentlyRm D:\node\node_modules\bootstrap is being purged from base D:\node
97 verbose gentlyRm don't care about contents; nuking D:\node\node_modules\bootstrap
98 verbose tar unpack C:\Users\SSYN\AppData\Roaming\npm-cache\bootstrap\3.3.7\package.tgz
99 verbose tar unpacking to D:\node\node_modules\bootstrap
100 silly gentlyRm D:\node\node_modules\bootstrap is being purged
101 verbose gentlyRm don't care about contents; nuking D:\node\node_modules\bootstrap
102 silly gunzTarPerm modes [ '777', '666' ]
103 silly gunzTarPerm extractEntry package.json
104 silly gunzTarPerm modified mode [ 'package.json', 420, 438 ]
105 silly gunzTarPerm extractEntry README.md
106 silly gunzTarPerm modified mode [ 'README.md', 420, 438 ]
107 silly gunzTarPerm extractEntry LICENSE
108 silly gunzTarPerm modified mode [ 'LICENSE', 420, 438 ]
109 silly gunzTarPerm extractEntry Gruntfile.js
110 silly gunzTarPerm modified mode [ 'Gruntfile.js', 420, 438 ]
111 silly gunzTarPerm extractEntry CHANGELOG.md
112 silly gunzTarPerm modified mode [ 'CHANGELOG.md', 420, 438 ]
113 silly gunzTarPerm extractEntry dist/css/bootstrap-theme.css
114 silly gunzTarPerm modified mode [ 'dist/css/bootstrap-theme.css', 420, 438 ]
115 silly gunzTarPerm extractEntry dist/css/bootstrap-theme.css.map
116 silly gunzTarPerm modified mode [ 'dist/css/bootstrap-theme.css.map', 420, 438 ]
117 silly gunzTarPerm extractEntry dist/css/bootstrap-theme.min.css
118 silly gunzTarPerm modified mode [ 'dist/css/bootstrap-theme.min.css', 420, 438 ]
119 silly gunzTarPerm extractEntry dist/css/bootstrap-theme.min.css.map
120 silly gunzTarPerm modified mode [ 'dist/css/bootstrap-theme.min.css.map', 420, 438 ]
121 silly gunzTarPerm extractEntry dist/css/bootstrap.css
122 silly gunzTarPerm modified mode [ 'dist/css/bootstrap.css', 420, 438 ]
123 silly gunzTarPerm extractEntry dist/css/bootstrap.css.map
124 silly gunzTarPerm modified mode [ 'dist/css/bootstrap.css.map', 420, 438 ]
125 silly gunzTarPerm extractEntry dist/css/bootstrap.min.css
126 silly gunzTarPerm modified mode [ 'dist/css/bootstrap.min.css', 420, 438 ]
127 silly gunzTarPerm extractEntry dist/css/bootstrap.min.css.map
128 silly gunzTarPerm modified mode [ 'dist/css/bootstrap.min.css.map', 420, 438 ]
129 silly gunzTarPerm extractEntry dist/fonts/glyphicons-halflings-regular.eot
130 silly gunzTarPerm modified mode [ 'dist/fonts/glyphicons-halflings-regular.eot', 420, 438 ]
131 silly gunzTarPerm extractEntry dist/fonts/glyphicons-halflings-regular.svg
132 silly gunzTarPerm modified mode [ 'dist/fonts/glyphicons-halflings-regular.svg', 420, 438 ]
133 silly gunzTarPerm extractEntry dist/fonts/glyphicons-halflings-regular.ttf
134 silly gunzTarPerm modified mode [ 'dist/fonts/glyphicons-halflings-regular.ttf', 420, 438 ]
135 silly gunzTarPerm extractEntry dist/fonts/glyphicons-halflings-regular.woff
136 silly gunzTarPerm modified mode [ 'dist/fonts/glyphicons-halflings-regular.woff', 420, 438 ]
137 silly gunzTarPerm extractEntry dist/fonts/glyphicons-halflings-regular.woff2
138 silly gunzTarPerm modified mode [ 'dist/fonts/glyphicons-halflings-regular.woff2', 420, 438 ]
139 silly gunzTarPerm extractEntry dist/js/bootstrap.js
140 silly gunzTarPerm modified mode [ 'dist/js/bootstrap.js', 420, 438 ]
141 silly gunzTarPerm extractEntry dist/js/bootstrap.min.js
142 silly gunzTarPerm modified mode [ 'dist/js/bootstrap.min.js', 420, 438 ]
143 silly gunzTarPerm extractEntry dist/js/npm.js
144 silly gunzTarPerm modified mode [ 'dist/js/npm.js', 420, 438 ]
145 silly gunzTarPerm extractEntry fonts/glyphicons-halflings-regular.eot
146 silly gunzTarPerm modified mode [ 'fonts/glyphicons-halflings-regular.eot', 420, 438 ]
147 silly gunzTarPerm extractEntry fonts/glyphicons-halflings-regular.svg
148 silly gunzTarPerm modified mode [ 'fonts/glyphicons-halflings-regular.svg', 420, 438 ]
149 silly gunzTarPerm extractEntry fonts/glyphicons-halflings-regular.ttf
150 silly gunzTarPerm modified mode [ 'fonts/glyphicons-halflings-regular.ttf', 420, 438 ]
151 silly gunzTarPerm extractEntry fonts/glyphicons-halflings-regular.woff
152 silly gunzTarPerm modified mode [ 'fonts/glyphicons-halflings-regular.woff', 420, 438 ]
153 silly gunzTarPerm extractEntry fonts/glyphicons-halflings-regular.woff2
154 silly gunzTarPerm modified mode [ 'fonts/glyphicons-halflings-regular.woff2', 420, 438 ]
155 silly gunzTarPerm extractEntry grunt/bs-commonjs-generator.js
156 silly gunzTarPerm modified mode [ 'grunt/bs-commonjs-generator.js', 420, 438 ]
157 silly gunzTarPerm extractEntry grunt/bs-glyphicons-data-generator.js
158 silly gunzTarPerm modified mode [ 'grunt/bs-glyphicons-data-generator.js', 420, 438 ]
159 silly gunzTarPerm extractEntry grunt/bs-lessdoc-parser.js
160 silly gunzTarPerm modified mode [ 'grunt/bs-lessdoc-parser.js', 420, 438 ]
161 silly gunzTarPerm extractEntry grunt/bs-raw-files-generator.js
162 silly gunzTarPerm modified mode [ 'grunt/bs-raw-files-generator.js', 420, 438 ]
163 silly gunzTarPerm extractEntry grunt/change-version.js
164 silly gunzTarPerm modified mode [ 'grunt/change-version.js', 493, 511 ]
165 silly gunzTarPerm extractEntry grunt/.jshintrc
166 silly gunzTarPerm modified mode [ 'grunt/.jshintrc', 420, 438 ]
167 silly gunzTarPerm extractEntry grunt/configBridge.json
168 silly gunzTarPerm modified mode [ 'grunt/configBridge.json', 420, 438 ]
169 silly gunzTarPerm extractEntry grunt/npm-shrinkwrap.json
170 silly gunzTarPerm modified mode [ 'grunt/npm-shrinkwrap.json', 420, 438 ]
171 silly gunzTarPerm extractEntry grunt/sauce_browsers.yml
172 silly gunzTarPerm modified mode [ 'grunt/sauce_browsers.yml', 420, 438 ]
173 silly gunzTarPerm extractEntry js/affix.js
174 silly gunzTarPerm modified mode [ 'js/affix.js', 420, 438 ]
175 silly gunzTarPerm extractEntry js/button.js
176 silly gunzTarPerm modified mode [ 'js/button.js', 420, 438 ]
177 silly gunzTarPerm extractEntry js/carousel.js
178 silly gunzTarPerm modified mode [ 'js/carousel.js', 420, 438 ]
179 silly gunzTarPerm extractEntry js/collapse.js
180 silly gunzTarPerm modified mode [ 'js/collapse.js', 420, 438 ]
181 silly gunzTarPerm extractEntry js/dropdown.js
182 silly gunzTarPerm modified mode [ 'js/dropdown.js', 420, 438 ]
183 silly gunzTarPerm extractEntry js/alert.js
184 silly gunzTarPerm modified mode [ 'js/alert.js', 420, 438 ]
185 silly gunzTarPerm extractEntry js/popover.js
186 silly gunzTarPerm modified mode [ 'js/popover.js', 420, 438 ]
187 silly gunzTarPerm extractEntry js/scrollspy.js
188 silly gunzTarPerm modified mode [ 'js/scrollspy.js', 420, 438 ]
189 silly gunzTarPerm extractEntry js/tab.js
190 silly gunzTarPerm modified mode [ 'js/tab.js', 420, 438 ]
191 silly gunzTarPerm extractEntry js/tooltip.js
192 silly gunzTarPerm modified mode [ 'js/tooltip.js', 420, 438 ]
193 silly gunzTarPerm extractEntry js/transition.js
194 silly gunzTarPerm modified mode [ 'js/transition.js', 420, 438 ]
195 silly gunzTarPerm extractEntry js/modal.js
196 silly gunzTarPerm modified mode [ 'js/modal.js', 420, 438 ]
197 silly gunzTarPerm extractEntry less/mixins.less
198 silly gunzTarPerm modified mode [ 'less/mixins.less', 420, 438 ]
199 silly gunzTarPerm extractEntry less/alerts.less
200 silly gunzTarPerm modified mode [ 'less/alerts.less', 420, 438 ]
201 silly gunzTarPerm extractEntry less/badges.less
202 silly gunzTarPerm modified mode [ 'less/badges.less', 420, 438 ]
203 silly gunzTarPerm extractEntry less/bootstrap.less
204 silly gunzTarPerm modified mode [ 'less/bootstrap.less', 420, 438 ]
205 silly gunzTarPerm extractEntry less/breadcrumbs.less
206 silly gunzTarPerm modified mode [ 'less/breadcrumbs.less', 420, 438 ]
207 silly gunzTarPerm extractEntry less/button-groups.less
208 silly gunzTarPerm modified mode [ 'less/button-groups.less', 420, 438 ]
209 silly gunzTarPerm extractEntry less/buttons.less
210 silly gunzTarPerm modified mode [ 'less/buttons.less', 420, 438 ]
211 silly gunzTarPerm extractEntry less/carousel.less
212 silly gunzTarPerm modified mode [ 'less/carousel.less', 420, 438 ]
213 silly gunzTarPerm extractEntry less/close.less
214 silly gunzTarPerm modified mode [ 'less/close.less', 420, 438 ]
215 silly gunzTarPerm extractEntry less/code.less
216 silly gunzTarPerm modified mode [ 'less/code.less', 420, 438 ]
217 silly gunzTarPerm extractEntry less/component-animations.less
218 silly gunzTarPerm modified mode [ 'less/component-animations.less', 420, 438 ]
219 silly gunzTarPerm extractEntry less/dropdowns.less
220 silly gunzTarPerm modified mode [ 'less/dropdowns.less', 420, 438 ]
221 silly gunzTarPerm extractEntry less/forms.less
222 silly gunzTarPerm modified mode [ 'less/forms.less', 420, 438 ]
223 silly gunzTarPerm extractEntry less/glyphicons.less
224 silly gunzTarPerm modified mode [ 'less/glyphicons.less', 420, 438 ]
225 silly gunzTarPerm extractEntry less/grid.less
226 silly gunzTarPerm modified mode [ 'less/grid.less', 420, 438 ]
227 silly gunzTarPerm extractEntry less/input-groups.less
228 silly gunzTarPerm modified mode [ 'less/input-groups.less', 420, 438 ]
229 silly gunzTarPerm extractEntry less/jumbotron.less
230 silly gunzTarPerm modified mode [ 'less/jumbotron.less', 420, 438 ]
231 silly gunzTarPerm extractEntry less/labels.less
232 silly gunzTarPerm modified mode [ 'less/labels.less', 420, 438 ]
233 silly gunzTarPerm extractEntry less/list-group.less
234 silly gunzTarPerm modified mode [ 'less/list-group.less', 420, 438 ]
235 silly gunzTarPerm extractEntry less/media.less
236 silly gunzTarPerm modified mode [ 'less/media.less', 420, 438 ]
237 silly gunzTarPerm extractEntry less/mixins/nav-vertical-align.less
238 silly gunzTarPerm modified mode [ 'less/mixins/nav-vertical-align.less', 420, 438 ]
239 silly gunzTarPerm extractEntry less/mixins/alerts.less
240 silly gunzTarPerm modified mode [ 'less/mixins/alerts.less', 420, 438 ]
241 silly gunzTarPerm extractEntry less/mixins/border-radius.less
242 silly gunzTarPerm modified mode [ 'less/mixins/border-radius.less', 420, 438 ]
243 silly gunzTarPerm extractEntry less/mixins/buttons.less
244 silly gunzTarPerm modified mode [ 'less/mixins/buttons.less', 420, 438 ]
245 silly gunzTarPerm extractEntry less/mixins/center-block.less
246 silly gunzTarPerm modified mode [ 'less/mixins/center-block.less', 420, 438 ]
247 silly gunzTarPerm extractEntry less/mixins/clearfix.less
248 silly gunzTarPerm modified mode [ 'less/mixins/clearfix.less', 420, 438 ]
249 silly gunzTarPerm extractEntry less/mixins/forms.less
250 silly gunzTarPerm modified mode [ 'less/mixins/forms.less', 420, 438 ]
251 silly gunzTarPerm extractEntry less/mixins/gradients.less
252 silly gunzTarPerm modified mode [ 'less/mixins/gradients.less', 420, 438 ]
253 silly gunzTarPerm extractEntry less/mixins/grid-framework.less
254 silly gunzTarPerm modified mode [ 'less/mixins/grid-framework.less', 420, 438 ]
255 silly gunzTarPerm extractEntry less/mixins/grid.less
256 silly gunzTarPerm modified mode [ 'less/mixins/grid.less', 420, 438 ]
257 silly gunzTarPerm extractEntry less/mixins/hide-text.less
258 silly gunzTarPerm modified mode [ 'less/mixins/hide-text.less', 420, 438 ]
259 silly gunzTarPerm extractEntry less/mixins/image.less
260 silly gunzTarPerm modified mode [ 'less/mixins/image.less', 420, 438 ]
261 silly gunzTarPerm extractEntry less/mixins/labels.less
262 silly gunzTarPerm modified mode [ 'less/mixins/labels.less', 420, 438 ]
263 silly gunzTarPerm extractEntry less/mixins/list-group.less
264 silly gunzTarPerm modified mode [ 'less/mixins/list-group.less', 420, 438 ]
265 silly gunzTarPerm extractEntry less/mixins/nav-divider.less
266 silly gunzTarPerm modified mode [ 'less/mixins/nav-divider.less', 420, 438 ]
267 silly gunzTarPerm extractEntry less/mixins/background-variant.less
268 silly gunzTarPerm modified mode [ 'less/mixins/background-variant.less', 420, 438 ]
269 silly gunzTarPerm extractEntry less/mixins/opacity.less
270 silly gunzTarPerm modified mode [ 'less/mixins/opacity.less', 420, 438 ]
271 silly gunzTarPerm extractEntry less/mixins/pagination.less
272 silly gunzTarPerm modified mode [ 'less/mixins/pagination.less', 420, 438 ]
273 silly gunzTarPerm extractEntry less/mixins/panels.less
274 silly gunzTarPerm modified mode [ 'less/mixins/panels.less', 420, 438 ]
275 silly gunzTarPerm extractEntry less/mixins/progress-bar.less
276 silly gunzTarPerm modified mode [ 'less/mixins/progress-bar.less', 420, 438 ]
277 silly gunzTarPerm extractEntry less/mixins/reset-filter.less
278 silly gunzTarPerm modified mode [ 'less/mixins/reset-filter.less', 420, 438 ]
279 silly gunzTarPerm extractEntry less/mixins/reset-text.less
280 silly gunzTarPerm modified mode [ 'less/mixins/reset-text.less', 420, 438 ]
281 silly gunzTarPerm extractEntry less/mixins/resize.less
282 silly gunzTarPerm modified mode [ 'less/mixins/resize.less', 420, 438 ]
283 silly gunzTarPerm extractEntry less/mixins/responsive-visibility.less
284 silly gunzTarPerm modified mode [ 'less/mixins/responsive-visibility.less', 420, 438 ]
285 silly gunzTarPerm extractEntry less/mixins/size.less
286 silly gunzTarPerm modified mode [ 'less/mixins/size.less', 420, 438 ]
287 silly gunzTarPerm extractEntry less/mixins/tab-focus.less
288 silly gunzTarPerm modified mode [ 'less/mixins/tab-focus.less', 420, 438 ]
289 silly gunzTarPerm extractEntry less/mixins/table-row.less
290 silly gunzTarPerm modified mode [ 'less/mixins/table-row.less', 420, 438 ]
291 silly gunzTarPerm extractEntry less/mixins/text-emphasis.less
292 silly gunzTarPerm modified mode [ 'less/mixins/text-emphasis.less', 420, 438 ]
293 silly gunzTarPerm extractEntry less/mixins/text-overflow.less
294 silly gunzTarPerm modified mode [ 'less/mixins/text-overflow.less', 420, 438 ]
295 silly gunzTarPerm extractEntry less/mixins/vendor-prefixes.less
296 silly gunzTarPerm modified mode [ 'less/mixins/vendor-prefixes.less', 420, 438 ]
297 silly gunzTarPerm extractEntry less/modals.less
298 silly gunzTarPerm modified mode [ 'less/modals.less', 420, 438 ]
299 silly gunzTarPerm extractEntry less/navbar.less
300 silly gunzTarPerm modified mode [ 'less/navbar.less', 420, 438 ]
301 silly gunzTarPerm extractEntry less/navs.less
302 silly gunzTarPerm modified mode [ 'less/navs.less', 420, 438 ]
303 silly gunzTarPerm extractEntry less/normalize.less
304 silly gunzTarPerm modified mode [ 'less/normalize.less', 420, 438 ]
305 silly gunzTarPerm extractEntry less/pager.less
306 silly gunzTarPerm modified mode [ 'less/pager.less', 420, 438 ]
307 silly gunzTarPerm extractEntry less/pagination.less
308 silly gunzTarPerm modified mode [ 'less/pagination.less', 420, 438 ]
309 silly gunzTarPerm extractEntry less/panels.less
310 silly gunzTarPerm modified mode [ 'less/panels.less', 420, 438 ]
311 silly gunzTarPerm extractEntry less/popovers.less
312 silly gunzTarPerm modified mode [ 'less/popovers.less', 420, 438 ]
313 silly gunzTarPerm extractEntry less/print.less
314 silly gunzTarPerm modified mode [ 'less/print.less', 420, 438 ]
315 silly gunzTarPerm extractEntry less/progress-bars.less
316 silly gunzTarPerm modified mode [ 'less/progress-bars.less', 420, 438 ]
317 silly gunzTarPerm extractEntry less/responsive-embed.less
318 silly gunzTarPerm modified mode [ 'less/responsive-embed.less', 420, 438 ]
319 silly gunzTarPerm extractEntry less/responsive-utilities.less
320 silly gunzTarPerm modified mode [ 'less/responsive-utilities.less', 420, 438 ]
321 silly gunzTarPerm extractEntry less/scaffolding.less
322 silly gunzTarPerm modified mode [ 'less/scaffolding.less', 420, 438 ]
323 silly gunzTarPerm extractEntry less/tables.less
324 silly gunzTarPerm modified mode [ 'less/tables.less', 420, 438 ]
325 silly gunzTarPerm extractEntry less/theme.less
326 silly gunzTarPerm modified mode [ 'less/theme.less', 420, 438 ]
327 silly gunzTarPerm extractEntry less/thumbnails.less
328 silly gunzTarPerm modified mode [ 'less/thumbnails.less', 420, 438 ]
329 silly gunzTarPerm extractEntry less/tooltip.less
330 silly gunzTarPerm modified mode [ 'less/tooltip.less', 420, 438 ]
331 silly gunzTarPerm extractEntry less/type.less
332 silly gunzTarPerm modified mode [ 'less/type.less', 420, 438 ]
333 silly gunzTarPerm extractEntry less/utilities.less
334 silly gunzTarPerm modified mode [ 'less/utilities.less', 420, 438 ]
335 silly gunzTarPerm extractEntry less/variables.less
336 silly gunzTarPerm modified mode [ 'less/variables.less', 420, 438 ]
337 silly gunzTarPerm extractEntry less/wells.less
338 silly gunzTarPerm modified mode [ 'less/wells.less', 420, 438 ]
339 verbose write writing to D:\node\node_modules\bootstrap\package.json
340 info preinstall bootstrap@3.3.7
341 verbose readDependencies loading dependencies from D:\node\node_modules\bootstrap\package.json
342 verbose readDependencies loading dependencies from D:\node\node_modules\bootstrap\package.json
343 silly install resolved []
344 verbose about to build D:\node\node_modules\bootstrap
345 info build D:\node\node_modules\bootstrap
346 info linkStuff bootstrap@3.3.7
347 silly linkStuff bootstrap@3.3.7 has D:\node\node_modules as its parent node_modules
348 verbose linkBins bootstrap@3.3.7
349 verbose linkMans bootstrap@3.3.7
350 verbose rebuildBundles bootstrap@3.3.7
351 info install bootstrap@3.3.7
352 info postinstall bootstrap@3.3.7
353 verbose unlock done using C:\Users\SSYN\AppData\Roaming\npm-cache\_locks\bootstrap-f093888607bfbb57.lock for D:\node\node_modules\bootstrap
354 verbose validateInstall loading D:\node\package.json for validation
355 verbose stack Error: The package react@15.3.0 does not satisfy its siblings' peerDependencies requirements!
355 verbose stack     at D:\node\node_modules\npm\lib\install.js:125:32
355 verbose stack     at D:\node\node_modules\npm\lib\install.js:268:7
355 verbose stack     at D:\node\node_modules\npm\node_modules\read-installed\read-installed.js:142:5
355 verbose stack     at D:\node\node_modules\npm\node_modules\read-installed\read-installed.js:263:14
355 verbose stack     at cb (D:\node\node_modules\npm\node_modules\slide\lib\async-map.js:47:24)
355 verbose stack     at D:\node\node_modules\npm\node_modules\read-installed\read-installed.js:263:14
355 verbose stack     at cb (D:\node\node_modules\npm\node_modules\slide\lib\async-map.js:47:24)
355 verbose stack     at D:\node\node_modules\npm\node_modules\read-installed\read-installed.js:263:14
355 verbose stack     at cb (D:\node\node_modules\npm\node_modules\slide\lib\async-map.js:47:24)
355 verbose stack     at D:\node\node_modules\npm\node_modules\read-installed\read-installed.js:263:14
356 verbose cwd D:\node\www\nffs
357 error Windows_NT 6.1.7601
358 error argv "D:\\node\\node.exe" "D:\\node\\node_modules\\npm\\bin\\npm-cli.js" "install" "bootstrap" "--save-dev"
359 error node v4.4.5
360 error npm  v2.15.5
361 error code EPEERINVALID
362 error peerinvalid The package react@15.3.0 does not satisfy its siblings' peerDependencies requirements!
362 error peerinvalid Peer react-dom@15.3.1 wants react@^15.3.1
362 error peerinvalid Peer react-router@2.7.0 wants react@^0.14.0 || ^15.0.0
363 verbose exit [ 1, true ]
